<?xml version="1.0" encoding="UTF-8"?>
<testsuite xmlns:xsi="http://www.w3.org/2001/XMLSchema-instance" xsi:noNamespaceSchemaLocation="https://maven.apache.org/surefire/maven-surefire-plugin/xsd/surefire-test-report-3.0.xsd" version="3.0" name="TestSuite" time="6.695" tests="1" errors="0" skipped="0" failures="1">
  <properties>
    <property name="java.specification.version" value="17"/>
    <property name="sun.jnu.encoding" value="UTF-8"/>
    <property name="java.class.path" value="/Users/muhammadrizwan/gitProject/userAPI/RestAssured/target/test-classes:/Users/muhammadrizwan/gitProject/userAPI/RestAssured/target/classes:/Users/muhammadrizwan/.m2/repository/com/fasterxml/jackson/core/jackson-databind/2.13.1/jackson-databind-2.13.1.jar:/Users/muhammadrizwan/.m2/repository/com/fasterxml/jackson/core/jackson-annotations/2.13.1/jackson-annotations-2.13.1.jar:/Users/muhammadrizwan/.m2/repository/com/fasterxml/jackson/core/jackson-core/2.13.1/jackson-core-2.13.1.jar:/Users/muhammadrizwan/.m2/repository/org/testng/testng/7.5/testng-7.5.jar:/Users/muhammadrizwan/.m2/repository/com/google/code/findbugs/jsr305/3.0.1/jsr305-3.0.1.jar:/Users/muhammadrizwan/.m2/repository/com/beust/jcommander/1.78/jcommander-1.78.jar:/Users/muhammadrizwan/.m2/repository/org/webjars/jquery/3.5.1/jquery-3.5.1.jar:/Users/muhammadrizwan/.m2/repository/io/rest-assured/rest-assured/4.5.0/rest-assured-4.5.0.jar:/Users/muhammadrizwan/.m2/repository/org/codehaus/groovy/groovy/3.0.9/groovy-3.0.9.jar:/Users/muhammadrizwan/.m2/repository/org/codehaus/groovy/groovy-xml/3.0.9/groovy-xml-3.0.9.jar:/Users/muhammadrizwan/.m2/repository/org/apache/httpcomponents/httpclient/4.5.13/httpclient-4.5.13.jar:/Users/muhammadrizwan/.m2/repository/org/apache/httpcomponents/httpcore/4.4.13/httpcore-4.4.13.jar:/Users/muhammadrizwan/.m2/repository/commons-logging/commons-logging/1.2/commons-logging-1.2.jar:/Users/muhammadrizwan/.m2/repository/org/apache/httpcomponents/httpmime/4.5.13/httpmime-4.5.13.jar:/Users/muhammadrizwan/.m2/repository/org/hamcrest/hamcrest/2.1/hamcrest-2.1.jar:/Users/muhammadrizwan/.m2/repository/org/ccil/cowan/tagsoup/tagsoup/1.2.1/tagsoup-1.2.1.jar:/Users/muhammadrizwan/.m2/repository/io/rest-assured/json-path/4.5.0/json-path-4.5.0.jar:/Users/muhammadrizwan/.m2/repository/org/codehaus/groovy/groovy-json/3.0.9/groovy-json-3.0.9.jar:/Users/muhammadrizwan/.m2/repository/io/rest-assured/rest-assured-common/4.5.0/rest-assured-common-4.5.0.jar:/Users/muhammadrizwan/.m2/repository/io/rest-assured/xml-path/4.5.0/xml-path-4.5.0.jar:/Users/muhammadrizwan/.m2/repository/org/apache/commons/commons-lang3/3.11/commons-lang3-3.11.jar:/Users/muhammadrizwan/.m2/repository/org/slf4j/slf4j-api/2.0.0-alpha6/slf4j-api-2.0.0-alpha6.jar:/Users/muhammadrizwan/.m2/repository/org/slf4j/slf4j-simple/2.0.0-alpha6/slf4j-simple-2.0.0-alpha6.jar:/Users/muhammadrizwan/.m2/repository/com/googlecode/json-simple/json-simple/1.1.1/json-simple-1.1.1.jar:/Users/muhammadrizwan/.m2/repository/junit/junit/4.10/junit-4.10.jar:/Users/muhammadrizwan/.m2/repository/org/hamcrest/hamcrest-core/1.1/hamcrest-core-1.1.jar:/Users/muhammadrizwan/.m2/repository/org/apache/poi/poi/5.2.0/poi-5.2.0.jar:/Users/muhammadrizwan/.m2/repository/commons-codec/commons-codec/1.15/commons-codec-1.15.jar:/Users/muhammadrizwan/.m2/repository/org/apache/commons/commons-collections4/4.4/commons-collections4-4.4.jar:/Users/muhammadrizwan/.m2/repository/org/apache/commons/commons-math3/3.6.1/commons-math3-3.6.1.jar:/Users/muhammadrizwan/.m2/repository/commons-io/commons-io/2.11.0/commons-io-2.11.0.jar:/Users/muhammadrizwan/.m2/repository/com/zaxxer/SparseBitSet/1.2/SparseBitSet-1.2.jar:/Users/muhammadrizwan/.m2/repository/org/apache/logging/log4j/log4j-api/2.17.1/log4j-api-2.17.1.jar:/Users/muhammadrizwan/.m2/repository/org/apache/poi/poi-ooxml/5.2.0/poi-ooxml-5.2.0.jar:/Users/muhammadrizwan/.m2/repository/org/apache/poi/poi-ooxml-lite/5.2.0/poi-ooxml-lite-5.2.0.jar:/Users/muhammadrizwan/.m2/repository/org/apache/xmlbeans/xmlbeans/5.0.3/xmlbeans-5.0.3.jar:/Users/muhammadrizwan/.m2/repository/org/apache/commons/commons-compress/1.21/commons-compress-1.21.jar:/Users/muhammadrizwan/.m2/repository/com/github/virtuald/curvesapi/1.06/curvesapi-1.06.jar:/Users/muhammadrizwan/.m2/repository/org/apache/maven/plugins/maven-surefire-plugin/3.0.0-M5/maven-surefire-plugin-3.0.0-M5.jar:/Users/muhammadrizwan/.m2/repository/org/apache/maven/surefire/maven-surefire-common/3.0.0-M5/maven-surefire-common-3.0.0-M5.jar:/Users/muhammadrizwan/.m2/repository/org/apache/maven/surefire/surefire-api/3.0.0-M5/surefire-api-3.0.0-M5.jar:/Users/muhammadrizwan/.m2/repository/org/apache/maven/surefire/surefire-logger-api/3.0.0-M5/surefire-logger-api-3.0.0-M5.jar:/Users/muhammadrizwan/.m2/repository/org/apache/maven/surefire/surefire-extensions-api/3.0.0-M5/surefire-extensions-api-3.0.0-M5.jar:/Users/muhammadrizwan/.m2/repository/org/apache/maven/surefire/surefire-booter/3.0.0-M5/surefire-booter-3.0.0-M5.jar:/Users/muhammadrizwan/.m2/repository/org/apache/maven/surefire/surefire-extensions-spi/3.0.0-M5/surefire-extensions-spi-3.0.0-M5.jar:/Users/muhammadrizwan/.m2/repository/org/apache/maven/maven-toolchain/3.0-alpha-2/maven-toolchain-3.0-alpha-2.jar:/Users/muhammadrizwan/.m2/repository/org/apache/maven/shared/maven-artifact-transfer/0.11.0/maven-artifact-transfer-0.11.0.jar:/Users/muhammadrizwan/.m2/repository/org/apache/maven/shared/maven-common-artifact-filters/3.0.1/maven-common-artifact-filters-3.0.1.jar:/Users/muhammadrizwan/.m2/repository/org/apache/maven/maven-model/3.0/maven-model-3.0.jar:/Users/muhammadrizwan/.m2/repository/org/apache/maven/maven-plugin-api/3.0/maven-plugin-api-3.0.jar:/Users/muhammadrizwan/.m2/repository/org/sonatype/sisu/sisu-inject-plexus/1.4.2/sisu-inject-plexus-1.4.2.jar:/Users/muhammadrizwan/.m2/repository/org/codehaus/plexus/plexus-classworlds/2.2.3/plexus-classworlds-2.2.3.jar:/Users/muhammadrizwan/.m2/repository/org/sonatype/sisu/sisu-inject-bean/1.4.2/sisu-inject-bean-1.4.2.jar:/Users/muhammadrizwan/.m2/repository/org/sonatype/sisu/sisu-guice/2.1.7/sisu-guice-2.1.7-noaop.jar:/Users/muhammadrizwan/.m2/repository/org/apache/maven/shared/maven-shared-utils/3.1.0/maven-shared-utils-3.1.0.jar:/Users/muhammadrizwan/.m2/repository/org/codehaus/plexus/plexus-java/1.0.5/plexus-java-1.0.5.jar:/Users/muhammadrizwan/.m2/repository/org/ow2/asm/asm/7.2/asm-7.2.jar:/Users/muhammadrizwan/.m2/repository/com/thoughtworks/qdox/qdox/2.0-M9/qdox-2.0-M9.jar:/Users/muhammadrizwan/.m2/repository/org/apache/maven/surefire/surefire-shared-utils/3.0.0-M4/surefire-shared-utils-3.0.0-M4.jar:"/>
    <property name="java.vm.vendor" value="Homebrew"/>
    <property name="sun.arch.data.model" value="64"/>
    <property name="java.vendor.url" value="https://github.com/Homebrew/homebrew-core/issues"/>
    <property name="user.timezone" value="Asia/Karachi"/>
    <property name="os.name" value="Mac OS X"/>
    <property name="java.vm.specification.version" value="17"/>
    <property name="sun.java.launcher" value="SUN_STANDARD"/>
    <property name="user.country" value="GB"/>
    <property name="sun.boot.library.path" value="/usr/local/Cellar/openjdk/17.0.2/libexec/openjdk.jdk/Contents/Home/lib"/>
    <property name="sun.java.command" value="/Users/muhammadrizwan/gitProject/userAPI/RestAssured/target/surefire/surefirebooter5830635816347486184.jar /Users/muhammadrizwan/gitProject/userAPI/RestAssured/target/surefire 2022-02-08T15-06-30_652-jvmRun1 surefire4796584176961814559tmp surefire_02974542587307649437tmp"/>
    <property name="http.nonProxyHosts" value="local|*.local|169.254/16|*.169.254/16"/>
    <property name="jdk.debug" value="release"/>
    <property name="surefire.test.class.path" value="/Users/muhammadrizwan/gitProject/userAPI/RestAssured/target/test-classes:/Users/muhammadrizwan/gitProject/userAPI/RestAssured/target/classes:/Users/muhammadrizwan/.m2/repository/com/fasterxml/jackson/core/jackson-databind/2.13.1/jackson-databind-2.13.1.jar:/Users/muhammadrizwan/.m2/repository/com/fasterxml/jackson/core/jackson-annotations/2.13.1/jackson-annotations-2.13.1.jar:/Users/muhammadrizwan/.m2/repository/com/fasterxml/jackson/core/jackson-core/2.13.1/jackson-core-2.13.1.jar:/Users/muhammadrizwan/.m2/repository/org/testng/testng/7.5/testng-7.5.jar:/Users/muhammadrizwan/.m2/repository/com/google/code/findbugs/jsr305/3.0.1/jsr305-3.0.1.jar:/Users/muhammadrizwan/.m2/repository/com/beust/jcommander/1.78/jcommander-1.78.jar:/Users/muhammadrizwan/.m2/repository/org/webjars/jquery/3.5.1/jquery-3.5.1.jar:/Users/muhammadrizwan/.m2/repository/io/rest-assured/rest-assured/4.5.0/rest-assured-4.5.0.jar:/Users/muhammadrizwan/.m2/repository/org/codehaus/groovy/groovy/3.0.9/groovy-3.0.9.jar:/Users/muhammadrizwan/.m2/repository/org/codehaus/groovy/groovy-xml/3.0.9/groovy-xml-3.0.9.jar:/Users/muhammadrizwan/.m2/repository/org/apache/httpcomponents/httpclient/4.5.13/httpclient-4.5.13.jar:/Users/muhammadrizwan/.m2/repository/org/apache/httpcomponents/httpcore/4.4.13/httpcore-4.4.13.jar:/Users/muhammadrizwan/.m2/repository/commons-logging/commons-logging/1.2/commons-logging-1.2.jar:/Users/muhammadrizwan/.m2/repository/org/apache/httpcomponents/httpmime/4.5.13/httpmime-4.5.13.jar:/Users/muhammadrizwan/.m2/repository/org/hamcrest/hamcrest/2.1/hamcrest-2.1.jar:/Users/muhammadrizwan/.m2/repository/org/ccil/cowan/tagsoup/tagsoup/1.2.1/tagsoup-1.2.1.jar:/Users/muhammadrizwan/.m2/repository/io/rest-assured/json-path/4.5.0/json-path-4.5.0.jar:/Users/muhammadrizwan/.m2/repository/org/codehaus/groovy/groovy-json/3.0.9/groovy-json-3.0.9.jar:/Users/muhammadrizwan/.m2/repository/io/rest-assured/rest-assured-common/4.5.0/rest-assured-common-4.5.0.jar:/Users/muhammadrizwan/.m2/repository/io/rest-assured/xml-path/4.5.0/xml-path-4.5.0.jar:/Users/muhammadrizwan/.m2/repository/org/apache/commons/commons-lang3/3.11/commons-lang3-3.11.jar:/Users/muhammadrizwan/.m2/repository/org/slf4j/slf4j-api/2.0.0-alpha6/slf4j-api-2.0.0-alpha6.jar:/Users/muhammadrizwan/.m2/repository/org/slf4j/slf4j-simple/2.0.0-alpha6/slf4j-simple-2.0.0-alpha6.jar:/Users/muhammadrizwan/.m2/repository/com/googlecode/json-simple/json-simple/1.1.1/json-simple-1.1.1.jar:/Users/muhammadrizwan/.m2/repository/junit/junit/4.10/junit-4.10.jar:/Users/muhammadrizwan/.m2/repository/org/hamcrest/hamcrest-core/1.1/hamcrest-core-1.1.jar:/Users/muhammadrizwan/.m2/repository/org/apache/poi/poi/5.2.0/poi-5.2.0.jar:/Users/muhammadrizwan/.m2/repository/commons-codec/commons-codec/1.15/commons-codec-1.15.jar:/Users/muhammadrizwan/.m2/repository/org/apache/commons/commons-collections4/4.4/commons-collections4-4.4.jar:/Users/muhammadrizwan/.m2/repository/org/apache/commons/commons-math3/3.6.1/commons-math3-3.6.1.jar:/Users/muhammadrizwan/.m2/repository/commons-io/commons-io/2.11.0/commons-io-2.11.0.jar:/Users/muhammadrizwan/.m2/repository/com/zaxxer/SparseBitSet/1.2/SparseBitSet-1.2.jar:/Users/muhammadrizwan/.m2/repository/org/apache/logging/log4j/log4j-api/2.17.1/log4j-api-2.17.1.jar:/Users/muhammadrizwan/.m2/repository/org/apache/poi/poi-ooxml/5.2.0/poi-ooxml-5.2.0.jar:/Users/muhammadrizwan/.m2/repository/org/apache/poi/poi-ooxml-lite/5.2.0/poi-ooxml-lite-5.2.0.jar:/Users/muhammadrizwan/.m2/repository/org/apache/xmlbeans/xmlbeans/5.0.3/xmlbeans-5.0.3.jar:/Users/muhammadrizwan/.m2/repository/org/apache/commons/commons-compress/1.21/commons-compress-1.21.jar:/Users/muhammadrizwan/.m2/repository/com/github/virtuald/curvesapi/1.06/curvesapi-1.06.jar:/Users/muhammadrizwan/.m2/repository/org/apache/maven/plugins/maven-surefire-plugin/3.0.0-M5/maven-surefire-plugin-3.0.0-M5.jar:/Users/muhammadrizwan/.m2/repository/org/apache/maven/surefire/maven-surefire-common/3.0.0-M5/maven-surefire-common-3.0.0-M5.jar:/Users/muhammadrizwan/.m2/repository/org/apache/maven/surefire/surefire-api/3.0.0-M5/surefire-api-3.0.0-M5.jar:/Users/muhammadrizwan/.m2/repository/org/apache/maven/surefire/surefire-logger-api/3.0.0-M5/surefire-logger-api-3.0.0-M5.jar:/Users/muhammadrizwan/.m2/repository/org/apache/maven/surefire/surefire-extensions-api/3.0.0-M5/surefire-extensions-api-3.0.0-M5.jar:/Users/muhammadrizwan/.m2/repository/org/apache/maven/surefire/surefire-booter/3.0.0-M5/surefire-booter-3.0.0-M5.jar:/Users/muhammadrizwan/.m2/repository/org/apache/maven/surefire/surefire-extensions-spi/3.0.0-M5/surefire-extensions-spi-3.0.0-M5.jar:/Users/muhammadrizwan/.m2/repository/org/apache/maven/maven-toolchain/3.0-alpha-2/maven-toolchain-3.0-alpha-2.jar:/Users/muhammadrizwan/.m2/repository/org/apache/maven/shared/maven-artifact-transfer/0.11.0/maven-artifact-transfer-0.11.0.jar:/Users/muhammadrizwan/.m2/repository/org/apache/maven/shared/maven-common-artifact-filters/3.0.1/maven-common-artifact-filters-3.0.1.jar:/Users/muhammadrizwan/.m2/repository/org/apache/maven/maven-model/3.0/maven-model-3.0.jar:/Users/muhammadrizwan/.m2/repository/org/apache/maven/maven-plugin-api/3.0/maven-plugin-api-3.0.jar:/Users/muhammadrizwan/.m2/repository/org/sonatype/sisu/sisu-inject-plexus/1.4.2/sisu-inject-plexus-1.4.2.jar:/Users/muhammadrizwan/.m2/repository/org/codehaus/plexus/plexus-classworlds/2.2.3/plexus-classworlds-2.2.3.jar:/Users/muhammadrizwan/.m2/repository/org/sonatype/sisu/sisu-inject-bean/1.4.2/sisu-inject-bean-1.4.2.jar:/Users/muhammadrizwan/.m2/repository/org/sonatype/sisu/sisu-guice/2.1.7/sisu-guice-2.1.7-noaop.jar:/Users/muhammadrizwan/.m2/repository/org/apache/maven/shared/maven-shared-utils/3.1.0/maven-shared-utils-3.1.0.jar:/Users/muhammadrizwan/.m2/repository/org/codehaus/plexus/plexus-java/1.0.5/plexus-java-1.0.5.jar:/Users/muhammadrizwan/.m2/repository/org/ow2/asm/asm/7.2/asm-7.2.jar:/Users/muhammadrizwan/.m2/repository/com/thoughtworks/qdox/qdox/2.0-M9/qdox-2.0-M9.jar:/Users/muhammadrizwan/.m2/repository/org/apache/maven/surefire/surefire-shared-utils/3.0.0-M4/surefire-shared-utils-3.0.0-M4.jar:"/>
    <property name="sun.cpu.endian" value="little"/>
    <property name="user.home" value="/Users/muhammadrizwan"/>
    <property name="user.language" value="en"/>
    <property name="java.specification.vendor" value="Oracle Corporation"/>
    <property name="java.version.date" value="2022-01-18"/>
    <property name="java.home" value="/usr/local/Cellar/openjdk/17.0.2/libexec/openjdk.jdk/Contents/Home"/>
    <property name="file.separator" value="/"/>
    <property name="basedir" value="/Users/muhammadrizwan/gitProject/userAPI/RestAssured"/>
    <property name="java.vm.compressedOopsMode" value="Zero based"/>
    <property name="line.separator" value="&#10;"/>
    <property name="java.vm.specification.vendor" value="Oracle Corporation"/>
    <property name="java.specification.name" value="Java Platform API Specification"/>
    <property name="surefire.real.class.path" value="/Users/muhammadrizwan/gitProject/userAPI/RestAssured/target/surefire/surefirebooter5830635816347486184.jar"/>
    <property name="sun.management.compiler" value="HotSpot 64-Bit Tiered Compilers"/>
    <property name="ftp.nonProxyHosts" value="local|*.local|169.254/16|*.169.254/16"/>
    <property name="java.runtime.version" value="17.0.2+0"/>
    <property name="user.name" value="muhammadrizwan"/>
    <property name="path.separator" value=":"/>
    <property name="os.version" value="11.6.2"/>
    <property name="java.runtime.name" value="OpenJDK Runtime Environment"/>
    <property name="file.encoding" value="UTF-8"/>
    <property name="java.vm.name" value="OpenJDK 64-Bit Server VM"/>
    <property name="java.vendor.version" value="Homebrew"/>
    <property name="localRepository" value="/Users/muhammadrizwan/.m2/repository"/>
    <property name="java.vendor.url.bug" value="https://github.com/Homebrew/homebrew-core/issues"/>
    <property name="java.io.tmpdir" value="/var/folders/y9/yd18ntns7mdg3958l446xl500000gp/T/"/>
    <property name="java.version" value="17.0.2"/>
    <property name="user.dir" value="/Users/muhammadrizwan/gitProject/userAPI/RestAssured"/>
    <property name="os.arch" value="x86_64"/>
    <property name="java.vm.specification.name" value="Java Virtual Machine Specification"/>
    <property name="native.encoding" value="UTF-8"/>
    <property name="java.library.path" value="/Users/muhammadrizwan/Library/Java/Extensions:/Library/Java/Extensions:/Network/Library/Java/Extensions:/System/Library/Java/Extensions:/usr/lib/java:."/>
    <property name="java.vm.info" value="mixed mode, sharing"/>
    <property name="java.vendor" value="Homebrew"/>
    <property name="java.vm.version" value="17.0.2+0"/>
    <property name="sun.io.unicode.encoding" value="UnicodeBig"/>
    <property name="socksNonProxyHosts" value="local|*.local|169.254/16|*.169.254/16"/>
    <property name="java.class.version" value="61.0"/>
  </properties>
  <testcase name="RegistrationTest" classname="TC_001_POST_Request" time="1.31">
    <failure message="restapi.demoqa.com: nodename nor servname provided, or not known" type="java.net.UnknownHostException"><![CDATA[java.net.UnknownHostException: restapi.demoqa.com: nodename nor servname provided, or not known
	at TC_001_POST_Request.RegistrationTest(TC_001_POST_Request.java:49)
]]></failure>
  </testcase>
</testsuite>