<?xml version="1.0" encoding="UTF-8"?>
<!-- Generated by org.testng.reporters.JUnitReportReporter -->
<testsuite hostname="NIS-PK591s-MacBook-Pro.local" failures="0" tests="1" name="UI.TestCases.UI_Test_001_AllLinks" time="10.749" errors="0" timestamp="2022-02-18T17:25:15 PKT" skipped="0">
  <testcase classname="UI.TestCases.UI_Test_001_AllLinks" name="TC_001_Simple" time="10.749"/>
  <system-out/>
</testsuite> <!-- UI.TestCases.UI_Test_001_AllLinks -->
