<?xml version="1.0" encoding="UTF-8"?>
<!-- Generated by org.testng.reporters.JUnitReportReporter -->
<testsuite hostname="NIS-PK591s-MacBook-Pro.local" failures="0" tests="1" name="Cucumber.TestRunner" time="16.725" errors="0" timestamp="2022-03-01T19:38:16 PKT" skipped="0">
  <testcase classname="Cucumber.TestRunner" name="runScenario" time="16.725"/>
  <system-out/>
</testsuite> <!-- Cucumber.TestRunner -->
