<?xml version="1.0" encoding="UTF-8"?>
<!-- Generated by org.testng.reporters.JUnitReportReporter -->
<testsuite hostname="NIS-PK591s-MacBook-Pro.local" failures="0" tests="2" name="API.API_01_OAuth2" time="7.524" errors="0" timestamp="2022-02-17T17:45:44 PKT" skipped="0">
  <testcase classname="API.API_01_OAuth2" name="TC_001_Post_With_Oauth2" time="0.628"/>
  <system-out/>
  <testcase classname="API.API_01_OAuth2" name="GetToken" time="6.896"/>
  <system-out/>
</testsuite> <!-- API.API_01_OAuth2 -->
