<?xml version="1.0" encoding="UTF-8"?>
<!-- Generated by org.testng.reporters.JUnitReportReporter -->
<testsuite hostname="NIS-PK591s-MacBook-Pro.local" failures="0" tests="1" name="UI.TestCases.UI_Test_005_Paradym" time="23.151" errors="0" timestamp="2022-02-18T17:46:53 PKT" skipped="0">
  <testcase classname="UI.TestCases.UI_Test_005_Paradym" name="UI_Test_001_LoginCheck" time="23.151"/>
  <system-out/>
</testsuite> <!-- UI.TestCases.UI_Test_005_Paradym -->
