<?xml version="1.0" encoding="UTF-8"?>
<!-- Generated by org.testng.reporters.JUnitReportReporter -->
<testsuite hostname="NIS-PK591s-MacBook-Pro.local" failures="0" tests="1" name="TC_001_POST_Request" time="1.752" errors="0" timestamp="2022-02-08T15:37:11 PKT" skipped="0">
  <testcase classname="TC_001_POST_Request" name="RegistrationTest" time="1.752"/>
  <system-out/>
</testsuite> <!-- TC_001_POST_Request -->
